<?xml version="1.0" encoding="UTF-8"?>
<!-- Generated by org.testng.reporters.JUnitXMLReporter -->
<testsuite hostname="DESKTOP-U4KCNES" ignored="0" name="Surefire test" tests="3" failures="1" timestamp="2020-07-06T12:28:49 IST" time="0.035" errors="0">
  <testcase name="test" time="0.003" classname="testCases.Demo1Test"/>
  <testcase name="test" time="0.0" classname="testCases.Demo2Test">
    <failure type="java.lang.Error" message="Unresolved compilation problems: 
	Syntax error, insert &amp;quot;VariableDeclarators&amp;quot; to complete LocalVariableDeclaration
	sys cannot be resolved
">
      <![CDATA[java.lang.Error: Unresolved compilation problems: 
Syntax error, insert "VariableDeclarators" to complete LocalVariableDeclaration
sys cannot be resolved

at testCases.Demo2Test.test(Demo2Test.java:9)
at java.util.ArrayList.forEach(ArrayList.java:1257)
... Removed 32 stack frames]]>
    </failure>
  </testcase> <!-- test -->
  <testcase name="test" time="0.0" classname="testCases.Demo3Test"/>
</testsuite> <!-- Surefire test -->
