<?xml version="1.0" encoding="UTF-8"?>
<!-- Generated by org.testng.reporters.JUnitXMLReporter -->
<testsuite hostname="DESKTOP-U4KCNES" ignored="0" name="Test" tests="4" failures="1" timestamp="08 Jul 2020 08:19:18 GMT" time="33.995" errors="0">
  <testcase name="Login" time="4.378" classname="testCases.TestScript_01"/>
  <testcase name="Logout" time="0.001" classname="testCases.TestScript_01"/>
  <testcase name="Login" time="3.058" classname="testCases.TestScript_02">
    <failure type="java.lang.AssertionError" message="expected [true] but found [false]">
      <![CDATA[java.lang.AssertionError: expected [true] but found [false]
at testCases.TestScript_02.Login(TestScript_02.java:20)
... Removed 29 stack frames]]>
    </failure>
  </testcase> <!-- Login -->
  <testcase name="Logout" time="0.001" classname="testCases.TestScript_02"/>
</testsuite> <!-- Test -->
